#-----------------------------------------------------------
# PlanAhead v13.4 (64-bit)
# Build 157570 by hdbuild on Fri Dec 16 13:06:31 MST 2011
# Start of session at: Sat Oct 26 18:45:36 2019
# Process ID: 4360
# Log file: E:/measure_f/planAhead_run_1/planAhead.log
# Journal file: E:/measure_f/planAhead_run_1/planAhead.jou
#-----------------------------------------------------------
INFO: [Common-78] Attempting to get a license: PlanAhead
INFO: [Common-82] Got a license: PlanAhead
INFO: [Device-25] Loading parts and site information from C:/Xilinx/13.4/ISE_DS/PlanAhead\parts\arch.xmlParsing RTL primitives file [C:/Xilinx/13.4/ISE_DS/PlanAhead\parts\xilinx\rtl\prims\rtl_prims.xml]
Finished parsing RTL primitives file [C:/Xilinx/13.4/ISE_DS/PlanAhead\parts\xilinx\rtl\prims\rtl_prims.xml]
start_gui
source E:/measure_f/pa.fromNetlist.tcl
# create_project -name measure_f -dir "E:/measure_f/planAhead_run_1" -part xc3s250etq144-5
Parsing template File [C:/Xilinx/13.4/ISE_DS/ISE\data\projnav\templates\verilog.xml].
Finished parsing template File [C:/Xilinx/13.4/ISE_DS/ISE\data\projnav\templates\verilog.xml].
Parsing template File [C:/Xilinx/13.4/ISE_DS/ISE\data\projnav\templates\vhdl.xml].
Finished parsing template File [C:/Xilinx/13.4/ISE_DS/ISE\data\projnav\templates\vhdl.xml].
Parsing template File [C:/Xilinx/13.4/ISE_DS/ISE\data\projnav\templates\ucf.xml].
Finished parsing template File [C:/Xilinx/13.4/ISE_DS/ISE\data\projnav\templates\ucf.xml].
# set_property design_mode GateLvl [get_property srcset [current_run -impl]]
# set_property edif_top_file "E:/measure_f/ce_top.ngc" [ get_property srcset [ current_run ] ]
# add_files -norecurse { {E:/measure_f} }
# set_param project.pinAheadLayout  yes
# set_property target_constrs_file "ce_top.ucf" [current_fileset -constrset]
Adding file 'E:\measure_f\ce_top.ucf' to fileset 'constrs_1'
# add_files [list {ce_top.ucf}] -fileset [get_property constrset [current_run]]
# open_netlist_design
Design is defaulting to srcset: sources_1
Design is defaulting to constrset: constrs_1
Design is defaulting to part: xc3s250etq144-5
Release 13.4 - ngc2edif O.87xd (nt64)
Copyright (c) 1995-2011 Xilinx, Inc.  All rights reserved.
Reading design ce_top.ngc ...
WARNING:NetListWriters:298 - No output is written to ce_top.xncf, ignored.
Processing design ...
   Preping design's networks ...
   Preping design's macros ...
  finished :Prep
Writing EDIF netlist file ce_top.edif ...
ngc2edif: Total memory usage is 82404 kilobytes

Parsing EDIF File [.\planAhead_run_1\measure_f.data\cache\ce_top_ngc_79b35952.edif]
Finished Parsing EDIF File [.\planAhead_run_1\measure_f.data\cache\ce_top_ngc_79b35952.edif]
INFO: [PlanAhead-430] Reading macro library C:/Xilinx/13.4/ISE_DS/PlanAhead\./parts/xilinx/spartan3e/spartan3e/hd_int_macros.edn
Parsing EDIF File [C:/Xilinx/13.4/ISE_DS/PlanAhead\./parts/xilinx/spartan3e/spartan3e/hd_int_macros.edn]
Finished Parsing EDIF File [C:/Xilinx/13.4/ISE_DS/PlanAhead\./parts/xilinx/spartan3e/spartan3e/hd_int_macros.edn]
Loading clock regions from C:/Xilinx/13.4/ISE_DS/PlanAhead\parts/xilinx/spartan3e/spartan3e/xc3s250e/ClockRegion.xml
Loading clock buffers from C:/Xilinx/13.4/ISE_DS/PlanAhead\parts/xilinx/spartan3e/spartan3e/xc3s250e/ClockBuffers.xml
Loading package from C:/Xilinx/13.4/ISE_DS/PlanAhead\parts/xilinx/spartan3e/spartan3e/xc3s250e/tq144/Package.xml
Loading io standards from C:/Xilinx/13.4/ISE_DS/PlanAhead\./parts/xilinx/spartan3e/IOStandards.xml
INFO: [Device-19] Loading pkg sso from C:/Xilinx/13.4/ISE_DS/PlanAhead\parts/xilinx/spartan3e/spartan3e/xc3s250e/tq144/SSORules.xml
Loading list of drcs for the architecture : C:/Xilinx/13.4/ISE_DS/PlanAhead\./parts/xilinx/spartan3e/spartan3e/drc.xml
INFO: [Timing-77] Reading timing library C:/Xilinx/13.4/ISE_DS/PlanAhead\parts/xilinx/spartan3e/spartan3e/spartan3e-5.lib.
INFO: [Timing-34] Done reading timing library C:/Xilinx/13.4/ISE_DS/PlanAhead\parts/xilinx/spartan3e/spartan3e/spartan3e-5.lib.
Parsing UCF File [E:\measure_f\ce_top.ucf]
Finished Parsing UCF File [E:\measure_f\ce_top.ucf]
INFO: [PlanAhead-566] Unisim Transformation Summary:
  A total of 1 instances were transformed.
  BUFGP => BUFGP (HD_IBUFG, HD_BUFG): 1 instances
startgroup
startgroup
set_property loc PAD125 [get_ports {deg[1]}]
set_property loc PAD125 [get_ports {deg[1]}]
endgroup
endgroup
exit
stop_gui
INFO: [PlanAhead-261] Exiting PlanAhead...
INFO: [Common-83] Releasing license: PlanAhead
