Release 13.4 - ngc2edif O.87xd (nt64)
Copyright (c) 1995-2011 Xilinx, Inc.  All rights reserved.
Reading design ce_top.ngc ...
WARNING:NetListWriters:298 - No output is written to ce_top.xncf, ignored.
Processing design ...
   Preping design's networks ...
   Preping design's macros ...
  finished :Prep
Writing EDIF netlist file ce_top.edif ...
ngc2edif: Total memory usage is 82212 kilobytes

Release 13.4 - ngc2edif O.87xd (nt64)
Copyright (c) 1995-2011 Xilinx, Inc.  All rights reserved.
Reading design ce_top.ngc ...
WARNING:NetListWriters:298 - No output is written to ce_top.xncf, ignored.
Processing design ...
   Preping design's networks ...
   Preping design's macros ...
  finished :Prep
Writing EDIF netlist file ce_top.edif ...
ngc2edif: Total memory usage is 82084 kilobytes

Release 13.4 - ngc2edif O.87xd (nt64)
Copyright (c) 1995-2011 Xilinx, Inc.  All rights reserved.
Reading design ce_top.ngc ...
WARNING:NetListWriters:298 - No output is written to ce_top.xncf, ignored.
Processing design ...
   Preping design's networks ...
   Preping design's macros ...
  finished :Prep
Writing EDIF netlist file ce_top.edif ...
ngc2edif: Total memory usage is 82404 kilobytes

