--------------------------------------------------------------------------------
Release 13.4 Trace  (nt64)
Copyright (c) 1995-2011 Xilinx, Inc.  All rights reserved.

C:\Xilinx\13.4\ISE_DS\ISE\bin\nt64\unwrapped\trce.exe -intstyle ise -v 3 -s 5
-n 3 -fastpaths -xml sele.twx sele.ncd -o sele.twr sele.pcf

Design file:              sele.ncd
Physical constraint file: sele.pcf
Device,package,speed:     xc3s250e,tq144,-5 (PRODUCTION 1.27 2012-01-07)
Report level:             verbose report

Environment Variable      Effect 
--------------------      ------ 
NONE                      No environment variables were set
--------------------------------------------------------------------------------

INFO:Timing:2698 - No timing constraints found, doing default enumeration.
INFO:Timing:3412 - To improve timing, see the Timing Closure User Guide (UG612).
INFO:Timing:2752 - To get complete path coverage, use the unconstrained paths 
   option. All paths that are not constrained will be reported in the 
   unconstrained paths section(s) of the report.
INFO:Timing:3339 - The clock-to-out numbers in this timing report are based on 
   a 50 Ohm transmission line loading model.  For the details of this model, 
   and for more information on accounting for different loading conditions, 
   please see the device datasheet.
INFO:Timing:3390 - This architecture does not support a default System Jitter 
   value, please add SYSTEM_JITTER constraint to the UCF to modify the Clock 
   Uncertainty calculation.
INFO:Timing:3389 - This architecture does not support 'Discrete Jitter' and 
   'Phase Error' calculations, these terms will be zero in the Clock 
   Uncertainty calculation.  Please make appropriate modification to 
   SYSTEM_JITTER to account for the unsupported Discrete Jitter and Phase 
   Error.



Data Sheet report:
-----------------
All values displayed in nanoseconds (ns)

Pad to Pad
---------------+---------------+---------+
Source Pad     |Destination Pad|  Delay  |
---------------+---------------+---------+
f1K            |fref           |    6.356|
f10            |fref           |    6.130|
f10k           |fref           |    6.042|
s<0>           |dp<0>          |    5.548|
s<0>           |dp<1>          |    5.492|
s<0>           |dp<2>          |    6.106|
s<0>           |fref           |    6.138|
s<1>           |dp<0>          |    5.483|
s<1>           |dp<1>          |    5.483|
s<1>           |dp<2>          |    5.627|
s<1>           |fref           |    6.808|
s<2>           |dp<0>          |    5.892|
s<2>           |dp<1>          |    5.887|
s<2>           |dp<2>          |    6.327|
s<2>           |fref           |    6.962|
---------------+---------------+---------+


Analysis completed Sat Oct 26 15:00:10 2019 
--------------------------------------------------------------------------------

Trace Settings:
-------------------------
Trace Settings 

Peak Memory Usage: 157 MB



